[35m[Appium][39m Welcome to Appium v1.22.3
[35m[Appium][39m Non-default server args:
[35m[Appium][39m   port: 62447
[35m[Appium][39m   loglevel: info
[35m[Appium][39m   tmpDir: C:\Users\USER\AppData\Local\Temp\\Katalon\Appium\Temp1752794479472
[35m[Appium][39m Appium REST http interface listener started on 0.0.0.0:62447
[35m[HTTP][39m [37m-->[39m [37mGET[39m [37m/wd/hub/status[39m
[35m[HTTP][39m [90m{}[39m
[35m[HTTP][39m [37m<-- GET /wd/hub/status [39m[32m200[39m [90m17 ms - 68[39m
[35m[HTTP][39m [90m[39m
[35m[HTTP][39m [37m-->[39m [37mGET[39m [37m/wd/hub/status[39m
[35m[HTTP][39m [90m{}[39m
[35m[HTTP][39m [37m<-- GET /wd/hub/status [39m[32m200[39m [90m4 ms - 68[39m
[35m[HTTP][39m [90m[39m
[35m[HTTP][39m [37m-->[39m [37mPOST[39m [37m/wd/hub/session[39m
[35m[HTTP][39m [90m{"capabilities":{"firstMatch":[{"appium:appActivity":".Settings","appium:appPackage":"com.android.settings","appium:autoGrantPermissions":true,"appium:automationName":"uiautomator2","appium:deviceName":"Xiaomi 220333QAG (Android 11)","appium:newCommandTimeout":1800,"appium:platformVersion":"11","appium:systemPort":8292,"appium:udid":"fa6640ce","platformName":"ANDROID"}]},"desiredCapabilities":{"appActivity":".Settings","appPackage":"com.android.settings","autoGrantPermissions":true,"automationName":"uiautomator2","deviceName":"Xiaomi 220333QAG (Android 11)","newCommandTimeout":1800,"platformName":"ANDROID","platformVersion":"11","systemPort":8292,"udid":"fa6640ce"}}[39m
[35m[Appium][39m Appium v1.22.3 creating new AndroidUiautomator2Driver (v1.70.1) session
[35m[BaseDriver][39m Session created with session id: ed99c4ec-b605-47c0-a3f6-bda28e24fc04
[35m[UiAutomator2][39m Starting 'com.android.settings' directly on the device
[35m[ADB][39m Found 1 'build-tools' folders under 'C:\Users\USER\.katalon\tools\android_sdk' (newest first):
[35m[ADB][39m     C:/Users/USER/.katalon/tools/android_sdk/build-tools/29.0.3
[35m[ADB][39m Using 'adb.exe' from 'C:\Users\USER\.katalon\tools\android_sdk\platform-tools\adb.exe'
[35m[AndroidDriver][39m Retrieving device list
[35m[AndroidDriver][39m Using device: fa6640ce
[35m[ADB][39m Using 'adb.exe' from 'C:\Users\USER\.katalon\tools\android_sdk\platform-tools\adb.exe'
[35m[ADB][39m Getting device platform version
[35m[UiAutomator2][39m Relaxing hidden api policy
[35m[AndroidDriver][39m No app sent in, not parsing package/activity
[35m[ADB][39m Using 'apksigner.jar' from 'C:\Users\USER\.katalon\tools\android_sdk\build-tools\29.0.3\lib\apksigner.jar'
[35m[ADB][39m 'C:\Users\USER\AppData\Roaming\npm\node_modules\appium\node_modules\appium-uiautomator2-server\apks\appium-uiautomator2-server-v4.27.0.apk' is signed with the default certificate
[35m[ADB][39m 'C:\Users\USER\AppData\Roaming\npm\node_modules\appium\node_modules\appium-uiautomator2-server\apks\appium-uiautomator2-server-debug-androidTest.apk' is signed with the default certificate
[35m[UiAutomator2][39m Server packages are not going to be (re)installed
[35m[ADB][39m Adding packages ["io.appium.settings","io.appium.uiautomator2.server","io.appium.uiautomator2.server.test"] to Doze whitelist
[35m[UiAutomator2][39m Starting UIAutomator2 server 4.27.0
[35m[UiAutomator2][39m Using UIAutomator2 server from 'C:\Users\USER\AppData\Roaming\npm\node_modules\appium\node_modules\appium-uiautomator2-server\apks\appium-uiautomator2-server-v4.27.0.apk' and test from 'C:\Users\USER\AppData\Roaming\npm\node_modules\appium\node_modules\appium-uiautomator2-server\apks\appium-uiautomator2-server-debug-androidTest.apk'
[35m[UiAutomator2][39m Waiting up to 30000ms for UiAutomator2 to be online...
[35m[WD Proxy][39m socket hang up
[35m[WD Proxy][39m socket hang up
[35m[WD Proxy][39m socket hang up
[35m[WD Proxy][39m Determined the downstream protocol as 'W3C'
[35m[AndroidDriver][39m Screen already unlocked, doing nothing
[35m[UiAutomator2][39m Starting 'com.android.settings/.Settings and waiting for 'com.android.settings/.Settings'
[35m[Appium][39m New AndroidUiautomator2Driver session created successfully, session ed99c4ec-b605-47c0-a3f6-bda28e24fc04 added to master session list
[35m[HTTP][39m [37m<-- POST /wd/hub/session [39m[32m200[39m [90m12811 ms - 1067[39m
[35m[HTTP][39m [90m[39m
[35m[HTTP][39m [37m-->[39m [37mGET[39m [37m/wd/hub/status[39m
[35m[HTTP][39m [90m{}[39m
[35m[HTTP][39m [37m<-- GET /wd/hub/status [39m[32m200[39m [90m3 ms - 68[39m
[35m[HTTP][39m [90m[39m
[35m[HTTP][39m [37m-->[39m [37mPOST[39m [37m/wd/hub/session/ed99c4ec-b605-47c0-a3f6-bda28e24fc04/timeouts[39m
[35m[HTTP][39m [90m{"implicit":60000}[39m
[35m[HTTP][39m [37m<-- POST /wd/hub/session/ed99c4ec-b605-47c0-a3f6-bda28e24fc04/timeouts [39m[32m200[39m [90m13 ms - 14[39m
[35m[HTTP][39m [90m[39m
[35m[HTTP][39m [37m-->[39m [37mPOST[39m [37m/wd/hub/session/ed99c4ec-b605-47c0-a3f6-bda28e24fc04/execute/sync[39m
[35m[HTTP][39m [90m{"args":[],"script":"mobile: getSystemBars"}[39m
[35m[AndroidDriver][39m Executing native command 'mobile: getSystemBars'
[35m[HTTP][39m [37m<-- POST /wd/hub/session/ed99c4ec-b605-47c0-a3f6-bda28e24fc04/execute/sync [39m[33m404[39m [90m153 ms - 2899[39m
[35m[HTTP][39m [90m[39m
[35m[HTTP][39m [37m-->[39m [37mGET[39m [37m/wd/hub/session/ed99c4ec-b605-47c0-a3f6-bda28e24fc04/appium/device/system_bars[39m
[35m[HTTP][39m [90m{}[39m
[35m[HTTP][39m [37m<-- GET /wd/hub/session/ed99c4ec-b605-47c0-a3f6-bda28e24fc04/appium/device/system_bars [39m[32m200[39m [90m128 ms - 145[39m
[35m[HTTP][39m [90m[39m
[35m[HTTP][39m [37m-->[39m [37mPOST[39m [37m/wd/hub/session/ed99c4ec-b605-47c0-a3f6-bda28e24fc04/execute/sync[39m
[35m[HTTP][39m [90m{"args":[{"appId":"com.wdiodemoapp","bundleId":"com.wdiodemoapp"}],"script":"mobile: activateApp"}[39m
[35m[AndroidDriver][39m Executing native command 'mobile: activateApp'
[35m[HTTP][39m [37m<-- POST /wd/hub/session/ed99c4ec-b605-47c0-a3f6-bda28e24fc04/execute/sync [39m[33m404[39m [90m7 ms - 2895[39m
[35m[HTTP][39m [90m[39m
[35m[HTTP][39m [37m-->[39m [37mPOST[39m [37m/wd/hub/session/ed99c4ec-b605-47c0-a3f6-bda28e24fc04/appium/device/activate_app[39m
[35m[HTTP][39m [90m{"bundleId":"com.wdiodemoapp"}[39m
[35m[HTTP][39m [37m<-- POST /wd/hub/session/ed99c4ec-b605-47c0-a3f6-bda28e24fc04/appium/device/activate_app [39m[32m200[39m [90m527 ms - 14[39m
[35m[HTTP][39m [90m[39m
[35m[HTTP][39m [37m-->[39m [37mGET[39m [37m/wd/hub/session/ed99c4ec-b605-47c0-a3f6-bda28e24fc04/source[39m
[35m[HTTP][39m [90m{}[39m
[35m[W3C (ed99c4ec)][39m Driver proxy active, passing request on via HTTP proxy
[35m[WD Proxy][39m Replacing sessionId 5461c9e7-255b-4796-a4cf-33052d96a411 with ed99c4ec-b605-47c0-a3f6-bda28e24fc04
[35m[HTTP][39m [37m<-- GET /wd/hub/session/ed99c4ec-b605-47c0-a3f6-bda28e24fc04/source [39m[32m200[39m [90m592 ms - 30065[39m
[35m[HTTP][39m [90m[39m
[35m[HTTP][39m [37m-->[39m [37mGET[39m [37m/wd/hub/session/ed99c4ec-b605-47c0-a3f6-bda28e24fc04/screenshot[39m
[35m[HTTP][39m [90m{}[39m
[35m[HTTP][39m [37m<-- GET /wd/hub/session/ed99c4ec-b605-47c0-a3f6-bda28e24fc04/screenshot [39m[32m200[39m [90m356 ms - 135766[39m
[35m[HTTP][39m [90m[39m
[35m[HTTP][39m [37m-->[39m [37mDELETE[39m [37m/wd/hub/session/ed99c4ec-b605-47c0-a3f6-bda28e24fc04[39m
[35m[HTTP][39m [90m{}[39m
[35m[Appium][39m Removing session ed99c4ec-b605-47c0-a3f6-bda28e24fc04 from our master session list
[35m[UiAutomator2][39m Did not get confirmation UiAutomator2 deleteSession worked; Error was: UnknownError: An unknown server-side error occurred while processing the command. Original error: 'DELETE /' cannot be proxied to UiAutomator2 server because the instrumentation process is not running (probably crashed). Check the server log and/or the logcat output for more details
[35m[UiAutomator2][39m Restoring hidden api policy to the device default configuration
[35m[HTTP][39m [37m<-- DELETE /wd/hub/session/ed99c4ec-b605-47c0-a3f6-bda28e24fc04 [39m[32m200[39m [90m436 ms - 14[39m
[35m[HTTP][39m [90m[39m
